EvtxECmd version 1.5.0.0

Author: Eric Zimmerman (saericzimmerman@gmail.com)
https://github.com/EricZimmerman/evtx

Checking for updated maps at https://github.com/EricZimmerman/evtx/tree/master/evtx/Maps...

Updates found!

New maps
!!!!README
!Channel-Name_Provider-Name_EventID
!Channel-Name_Provider-Name_EventID
adPWDManager_adPWDManager_110
Application_Application-Error_1000
Application_Application-Hang_1002
Application_CarbonBlackDefense_1
Application_CarbonBlackDefense_17
Application_CarbonBlackDefense_33
Application_CarbonBlackDefense_49
Application_Citrix-Desktop-Service_1027
Application_Citrix-Desktop-Service_1049
Application_CylanceSvc_1
Application_CylanceSvc_2
Application_ESENT_216
Application_ESENT_325
Application_ESENT_326
Application_ESENT_327
Application_HitmanPro-Alert_911
Application_McAfee-Endpoint-Security_3
Application_MetaFrameEvents_1106
Application_Microsoft-Windows-Audit-CVE_1
Application_Microsoft-Windows-RestartManager_10002
Application_Microsoft-Windows-Winsrv_10001
Application_Microsoft-Windows-Winsrv_10002
Application_MsiInstaller_1033
Application_MsiInstaller_1034
Application_MsiInstaller_1040
Application_MsiInstaller_1042
Application_MsiInstaller_11707
Application_MsiInstaller_11708
Application_MsiInstaller_11724
Application_MSSQLSERVER_15457
Application_MSSQLSERVER_18456
Application_MSSQLSERVER_33205
Application_Screenconnect_100
Application_Screenconnect_101
Application_Screenconnect_201
Application_Screenconnect_30
Application_Sophos-Anti-Virus_32
Application_Sophos-System-Protection_42
Application_Symantec_4003
Application_System-Restore_8194
Application_System-Restore_8195
Application_System-Restore_8196
Application_Windows-Error-Reporting_1001
Application_WSH_0
Cisco-AnyConnect-Secure-Mobility-Client_acvpnagent_2039
Cisco-AnyConnect-Secure-Mobility-Client_acvpnagent_2048
Cisco-AnyConnect-Secure-Mobility-Client_acvpnagent_2072
Cisco-AnyConnect-Secure-Mobility-Client_acvpnagent_2079
Cisco-AnyConnect-Secure-Mobility-Client_acvpnagent_2085
Cisco-AnyConnect-Secure-Mobility-Client_acvpnagent_2086
Cisco-AnyConnect-Secure-Mobility-Client_acvpnagent_2127
Cisco-AnyConnect-Secure-Mobility-Client_acvpndownloader_5005
Cisco-AnyConnect-Secure-Mobility-Client_acvpnui_3021
CiscoSecureEndpoint-Events_CiscoSecureEndpoint_100
CiscoSecureEndpoint-Events_CiscoSecureEndpoint_1300
CiscoSecureEndpoint-Events_CiscoSecureEndpoint_1310
COMODO-Client-Security-CEF_File-Rating_3
CrowdStrike-Falcon-Sensor-CSFalconService-Operational_CrowdStrike-Falcon-Sensor-CSFalconService_3
CrowdStrike-Falcon-Sensor-CSFalconService-Operational_CrowdStrike-Falcon-Sensor-CSFalconService_4
Kaspersky-Endpoint-Security_avp_302
Kaspersky-Endpoint-Security_avp_362
Kaspersky-Security_OnDemandScan_3023
Kaspersky-Security_Real-Time_File_Protection_3023
Microsoft-Windows-AppID-Operational_Microsoft-Windows-AppID_4004
Microsoft-Windows-Application-Experience-Program-Compatibility-Assistant_Microsoft-Windows-Program-Compatibility-Assistant_17
Microsoft-Windows-Application-Experience-Program-Telemetry_Microsoft-Windows-Application-Experience_500
Microsoft-Windows-Application-Experience-Program-Telemetry_Microsoft-Windows-Application-Experience_505
Microsoft-Windows-AppLocker-EXE-and-DLL_Microsoft-Windows-AppLocker_8002
Microsoft-Windows-AppLocker-EXE-and-DLL_Microsoft-Windows-AppLocker_8004
Microsoft-Windows-AppLocker-MSI-and-Script_Microsoft-Windows-AppLocker_8005
Microsoft-Windows-AppLocker-MSI-and-Script_Microsoft-Windows-AppLocker_8007
Microsoft-Windows-AppLocker-PackagedApp-Execution_Microsoft-Windows-AppLocker_8020
Microsoft-Windows-Bits-Client-Operational_Microsoft-Windows-Bits-Client_3
Microsoft-Windows-Bits-Client-Operational_Microsoft-Windows-Bits-Client_4
Microsoft-Windows-Bits-Client-Operational_Microsoft-Windows-Bits-Client_5
Microsoft-Windows-Bits-Client-Operational_Microsoft-Windows-Bits-Client_59
Microsoft-Windows-Bits-Client-Operational_Microsoft-Windows-Bits-Client_60
Microsoft-Windows-Bits-Client-Operational_Microsoft-Windows-Bits-Client_61
Microsoft-Windows-Bits-Client-Operational_Microsoft-Windows-Bits-Client_64
Microsoft-Windows-DateTimeControlPanel-Operational_Microsoft-Windows-DateTimeControlPanel_20000
Microsoft-Windows-DeviceSetupManager-Admin_Microsoft-Windows-DeviceSetupManager_100
Microsoft-Windows-DeviceSetupManager-Admin_Microsoft-Windows-DeviceSetupManager_101
Microsoft-Windows-DeviceSetupManager-Admin_Microsoft-Windows-DeviceSetupManager_112
Microsoft-Windows-Dhcp-Client-Admin_Microsoft-Windows-Dhcp-Client_50067
Microsoft-Windows-Diagnostics-Performance-Operational_Microsoft-Windows-Diagnostics-Performance_100
Microsoft-Windows-Diagnostics-Performance-Operational_Microsoft-Windows-Diagnostics-Performance_101
Microsoft-Windows-Diagnostics-Performance-Operational_Microsoft-Windows-Diagnostics-Performance_200
Microsoft-Windows-DriverFrameworks-UserMode-Operational_Microsoft-Windows-DriverFrameworks-UserMode_2100
Microsoft-Windows-GroupPolicy-Operational_Microsoft-Windows-GroupPolicy_4004
Microsoft-Windows-GroupPolicy-Operational_Microsoft-Windows-GroupPolicy_4005
Microsoft-Windows-GroupPolicy-Operational_Microsoft-Windows-GroupPolicy_4016
Microsoft-Windows-GroupPolicy-Operational_Microsoft-Windows-GroupPolicy_4017
Microsoft-Windows-Hyper-V-VMMS-Admin_Microsoft-Windows-Hyper-V-VMMS_13002
Microsoft-Windows-Hyper-V-VMMS-Admin_Microsoft-Windows-Hyper-V-VMMS_18304
Microsoft-Windows-Hyper-V-VMMS-Admin_Microsoft-Windows-Hyper-V-Worker_13003
Microsoft-Windows-Hyper-V-Worker-Admin_Microsoft-Windows-Hyper-V-Worker_18303
Microsoft-Windows-Hyper-V-Worker-Admin_Microsoft-Windows-Hyper-V-Worker_18500
Microsoft-Windows-Hyper-V-Worker-Admin_Microsoft-Windows-Hyper-V-Worker_18502
Microsoft-Windows-Hyper-V-Worker-Admin_Microsoft-Windows-Hyper-V-Worker_18504
Microsoft-Windows-Hyper-V-Worker-Admin_Microsoft-Windows-Hyper-V-Worker_18508
Microsoft-Windows-Hyper-V-Worker-Admin_Microsoft-Windows-Hyper-V-Worker_18512
Microsoft-Windows-Hyper-V-Worker-Admin_Microsoft-Windows-Hyper-V-Worker_18514
Microsoft-Windows-Kernel-PnP-Configuration_Microsoft-Windows-Kernel-PnP_400
Microsoft-Windows-Kernel-PnP-Configuration_Microsoft-Windows-Kernel-PnP_410
Microsoft-Windows-Kernel-PnP-Configuration_Microsoft-Windows-Kernel-PnP_430
Microsoft-Windows-NetworkProfile-Operational_Microsoft-Windows-NetworkProfile_10000
Microsoft-Windows-NetworkProfile-Operational_Microsoft-Windows-NetworkProfile_10001
Microsoft-Windows-Ntfs-Operational_Microsoft-Windows-Ntfs_142
Microsoft-Windows-Ntfs-Operational_Microsoft-Windows-Ntfs_145
Microsoft-Windows-Ntfs-Operational_Microsoft-Windows-Ntfs_146
Microsoft-Windows-Ntfs-Operational_Microsoft-Windows-Ntfs_151
Microsoft-Windows-Ntfs-Operational_Ntfs_55
Microsoft-Windows-Partition-Diagnostic_Microsoft-Windows-Partition_1006
Microsoft-Windows-PowerShell-Operational_Microsoft-Windows-PowerShell_4100
Microsoft-Windows-PowerShell-Operational_Microsoft-Windows-PowerShell_4103
Microsoft-Windows-PowerShell-Operational_Microsoft-Windows-PowerShell_4104
Microsoft-Windows-PrintService-Operational_Microsoft-Windows-PrintService_307
Microsoft-Windows-PrintService-Operational_Microsoft-Windows-PrintService_316
Microsoft-Windows-RemoteDesktopServices-RdpCoreTS-Operational_Microsoft-Windows-RemoteDesktopServices-RdpCoreTS_104
Microsoft-Windows-RemoteDesktopServices-RdpCoreTS-Operational_Microsoft-Windows-RemoteDesktopServices-RdpCoreTS_131
Microsoft-Windows-RemoteDesktopServices-RdpCoreTS-Operational_Microsoft-Windows-RemoteDesktopServices-RdpCoreTS_140
Microsoft-Windows-RemoteDesktopServices-RdpCoreTS-Operational_Microsoft-Windows-RemoteDesktopServices-RdpCoreTS_72
Microsoft-Windows-RemoteDesktopServices-RdpCoreTS-Operational_Microsoft-Windows-RemoteDesktopServices-RdpCoreTS_98
Microsoft-Windows-Shell-Core-Operational_Microsoft-Windows-Shell-Core_28115
Microsoft-Windows-Shell-Core-Operational_Microsoft-Windows-Shell-Core_9701
Microsoft-Windows-Shell-Core-Operational_Microsoft-Windows-Shell-Core_9702
Microsoft-Windows-Shell-Core-Operational_Microsoft-Windows-Shell-Core_9703
Microsoft-Windows-Shell-Core-Operational_Microsoft-Windows-Shell-Core_9704
Microsoft-Windows-Shell-Core-Operational_Microsoft-Windows-Shell-Core_9705
Microsoft-Windows-Shell-Core-Operational_Microsoft-Windows-Shell-Core_9706
Microsoft-Windows-Shell-Core-Operational_Microsoft-Windows-Shell-Core_9707
Microsoft-Windows-Shell-Core-Operational_Microsoft-Windows-Shell-Core_9708
Microsoft-Windows-Shell-Core-Operational_Microsoft-Windows-Shell-Core_9709
Microsoft-Windows-Shell-Core-Operational_Microsoft-Windows-Shell-Core_9710
Microsoft-Windows-Shell-Core-Operational_Microsoft-Windows-Shell-Core_9711
Microsoft-Windows-Shell-Core-Operational_Microsoft-Windows-Shell-Core_9712
Microsoft-Windows-SmbClient-Connectivity_Microsoft-Windows-SMBClient_30805
Microsoft-Windows-SmbClient-Connectivity_Microsoft-Windows-SMBClient_30806
Microsoft-Windows-SmbClient-Connectivity_Microsoft-Windows-SMBClient_30807
Microsoft-Windows-SmbClient-Security_Microsoft-Windows-SMBClient_31001
Microsoft-Windows-SmbClient-Security_Microsoft-Windows-SMBClient_31010
Microsoft-Windows-SMBServer-Audit_Microsoft-Windows-SMBServer_3000
Microsoft-Windows-SMBServer-Operational_Microsoft-Windows-SMBServer_1016
Microsoft-Windows-SMBServer-Operational_Microsoft-Windows-SMBServer_1017
Microsoft-Windows-SMBServer-Operational_Microsoft-Windows-SMBServer_1020
Microsoft-Windows-SMBServer-Security_Microsoft-Windows-SMBServer_551
Microsoft-Windows-Storage-ClassPnP-Operational_Microsoft-Windows-StorDiag_507
Microsoft-Windows-Storage-Storport-Operational_Microsoft-Windows-StorPort_504
Microsoft-Windows-Storage-Storport-Operational_Microsoft-Windows-StorPort_505
Microsoft-Windows-StorageSpaces-Driver-Operational_Microsoft-Windows-StorageSpaces-Driver_207
Microsoft-Windows-Storsvc-Diagnostic_Microsoft-Windows-Storsvc_1001
Microsoft-Windows-Sysmon-Operational_Microsoft-Windows-Sysmon_1
Microsoft-Windows-Sysmon-Operational_Microsoft-Windows-Sysmon_10
Microsoft-Windows-Sysmon-Operational_Microsoft-Windows-Sysmon_11
Microsoft-Windows-Sysmon-Operational_Microsoft-Windows-Sysmon_12
Microsoft-Windows-Sysmon-Operational_Microsoft-Windows-Sysmon_13
Microsoft-Windows-Sysmon-Operational_Microsoft-Windows-Sysmon_14
Microsoft-Windows-Sysmon-Operational_Microsoft-Windows-Sysmon_15
Microsoft-Windows-Sysmon-Operational_Microsoft-Windows-Sysmon_16
Microsoft-Windows-Sysmon-Operational_Microsoft-Windows-Sysmon_17
Microsoft-Windows-Sysmon-Operational_Microsoft-Windows-Sysmon_18
Microsoft-Windows-Sysmon-Operational_Microsoft-Windows-Sysmon_19
Microsoft-Windows-Sysmon-Operational_Microsoft-Windows-Sysmon_2
Microsoft-Windows-Sysmon-Operational_Microsoft-Windows-Sysmon_20
Microsoft-Windows-Sysmon-Operational_Microsoft-Windows-Sysmon_21
Microsoft-Windows-Sysmon-Operational_Microsoft-Windows-Sysmon_22
Microsoft-Windows-Sysmon-Operational_Microsoft-Windows-Sysmon_23
Microsoft-Windows-Sysmon-Operational_Microsoft-Windows-Sysmon_24
Microsoft-Windows-Sysmon-Operational_Microsoft-Windows-Sysmon_25
Microsoft-Windows-Sysmon-Operational_Microsoft-Windows-Sysmon_26
Microsoft-Windows-Sysmon-Operational_Microsoft-Windows-Sysmon_27
Microsoft-Windows-Sysmon-Operational_Microsoft-Windows-Sysmon_3
Microsoft-Windows-Sysmon-Operational_Microsoft-Windows-Sysmon_4
Microsoft-Windows-Sysmon-Operational_Microsoft-Windows-Sysmon_5
Microsoft-Windows-Sysmon-Operational_Microsoft-Windows-Sysmon_6
Microsoft-Windows-Sysmon-Operational_Microsoft-Windows-Sysmon_7
Microsoft-Windows-Sysmon-Operational_Microsoft-Windows-Sysmon_8
Microsoft-Windows-Sysmon-Operational_Microsoft-Windows-Sysmon_9
Microsoft-Windows-TaskScheduler-Operational_Microsoft-Windows-TaskScheduler_100
Microsoft-Windows-TaskScheduler-Operational_Microsoft-Windows-TaskScheduler_102
Microsoft-Windows-TaskScheduler-Operational_Microsoft-Windows-TaskScheduler_106
Microsoft-Windows-TaskScheduler-Operational_Microsoft-Windows-TaskScheduler_119
Microsoft-Windows-TaskScheduler-Operational_Microsoft-Windows-TaskScheduler_129
Microsoft-Windows-TaskScheduler-Operational_Microsoft-Windows-TaskScheduler_140
Microsoft-Windows-TaskScheduler-Operational_Microsoft-Windows-TaskScheduler_141
Microsoft-Windows-TaskScheduler-Operational_Microsoft-Windows-TaskScheduler_200
Microsoft-Windows-TaskScheduler-Operational_Microsoft-Windows-TaskScheduler_201
Microsoft-Windows-TerminalServices-Gateway-Operational_Microsoft-Windows-TerminalServices-Gateway_200
Microsoft-Windows-TerminalServices-Gateway-Operational_Microsoft-Windows-TerminalServices-Gateway_300
Microsoft-Windows-TerminalServices-Gateway-Operational_Microsoft-Windows-TerminalServices-Gateway_302
Microsoft-Windows-TerminalServices-Gateway-Operational_Microsoft-Windows-TerminalServices-Gateway_303
Microsoft-Windows-TerminalServices-Gateway-Operational_Microsoft-Windows-TerminalServices-Gateway_312
Microsoft-Windows-TerminalServices-Gateway-Operational_Microsoft-Windows-TerminalServices-Gateway_313
Microsoft-Windows-TerminalServices-LocalSessionManager-Operational_Microsoft-Windows-TerminalServices-LocalSessionManager_21
Microsoft-Windows-TerminalServices-LocalSessionManager-Operational_Microsoft-Windows-TerminalServices-LocalSessionManager_22
Microsoft-Windows-TerminalServices-LocalSessionManager-Operational_Microsoft-Windows-TerminalServices-LocalSessionManager_23
Microsoft-Windows-TerminalServices-LocalSessionManager-Operational_Microsoft-Windows-TerminalServices-LocalSessionManager_24
Microsoft-Windows-TerminalServices-LocalSessionManager-Operational_Microsoft-Windows-TerminalServices-LocalSessionManager_25
Microsoft-Windows-TerminalServices-LocalSessionManager-Operational_Microsoft-Windows-TerminalServices-LocalSessionManager_39
Microsoft-Windows-TerminalServices-LocalSessionManager-Operational_Microsoft-Windows-TerminalServices-LocalSessionManager_40
Microsoft-Windows-TerminalServices-LocalSessionManager-Operational_Microsoft-Windows-TerminalServices-LocalSessionManager_41
Microsoft-Windows-TerminalServices-RDPClient-Operational_Microsoft-Windows-TerminalServices-ClientActiveXCore_1024
Microsoft-Windows-TerminalServices-RDPClient-Operational_Microsoft-Windows-TerminalServices-ClientActiveXCore_1025
Microsoft-Windows-TerminalServices-RDPClient-Operational_Microsoft-Windows-TerminalServices-ClientActiveXCore_1026
Microsoft-Windows-TerminalServices-RDPClient-Operational_Microsoft-Windows-TerminalServices-ClientActiveXCore_1027
Microsoft-Windows-TerminalServices-RDPClient-Operational_Microsoft-Windows-TerminalServices-ClientActiveXCore_1029
Microsoft-Windows-TerminalServices-RDPClient-Operational_Microsoft-Windows-TerminalServices-ClientActiveXCore_1102
Microsoft-Windows-TerminalServices-RDPClient-Operational_Microsoft-Windows-TerminalServices-ClientActiveXCore_1103
Microsoft-Windows-TerminalServices-RDPClient-Operational_Microsoft-Windows-TerminalServices-ClientActiveXCore_1105
Microsoft-Windows-TerminalServices-RemoteConnectionManager-Operational_Microsoft-Windows-TerminalServices-RemoteConnectionManager_1149
Microsoft-Windows-TerminalServices-RemoteConnectionManager-Operational_Microsoft-Windows-TerminalServices-RemoteConnectionManager_261
Microsoft-Windows-TZUtil-Operational_Microsoft-Windows-TZUtil_20001
Microsoft-Windows-UniversalTelemetryClient-Operational_Microsoft-Windows-UniversalTelemetryClient_55
Microsoft-Windows-User-Profile-Service-Operational_Microsoft-Windows-User-Profiles-Service_2
Microsoft-Windows-User-Profile-Service-Operational_Microsoft-Windows-User-Profiles-Service_4
Microsoft-Windows-User-Profile-Service-Operational_Microsoft-Windows-User-Profiles-Service_67
Microsoft-Windows-VHDMP-Operational_Microsoft-Windows-VHDMP_1_Current
Microsoft-Windows-VHDMP-Operational_Microsoft-Windows-VHDMP_1_Legacy
Microsoft-Windows-VHDMP-Operational_Microsoft-Windows-VHDMP_2_Current
Microsoft-Windows-VHDMP-Operational_Microsoft-Windows-VHDMP_2_Legacy
Microsoft-Windows-VHDMP-Operational_Microsoft-Windows-VHDMP_50_Current
Microsoft-Windows-VHDMP-Operational_Microsoft-Windows-VHDMP_51_Current
Microsoft-Windows-WER-Diag-Operational_Microsoft-Windows-WER-Diag_4
Microsoft-Windows-Windows-Defender-Operational_Microsoft-Windows-Windows-Defender_1000
Microsoft-Windows-Windows-Defender-Operational_Microsoft-Windows-Windows-Defender_1001
Microsoft-Windows-Windows-Defender-Operational_Microsoft-Windows-Windows-Defender_1002
Microsoft-Windows-Windows-Defender-Operational_Microsoft-Windows-Windows-Defender_1003
Microsoft-Windows-Windows-Defender-Operational_Microsoft-Windows-Windows-Defender_1004
Microsoft-Windows-Windows-Defender-Operational_Microsoft-Windows-Windows-Defender_1005
Microsoft-Windows-Windows-Defender-Operational_Microsoft-Windows-Windows-Defender_1006
Microsoft-Windows-Windows-Defender-Operational_Microsoft-Windows-Windows-Defender_1008
Microsoft-Windows-Windows-Defender-Operational_Microsoft-Windows-Windows-Defender_1011
Microsoft-Windows-Windows-Defender-Operational_Microsoft-Windows-Windows-Defender_1013
Microsoft-Windows-Windows-Defender-Operational_Microsoft-Windows-Windows-Defender_1116
Microsoft-Windows-Windows-Defender-Operational_Microsoft-Windows-Windows-Defender_1117
Microsoft-Windows-Windows-Defender-Operational_Microsoft-Windows-Windows-Defender_1150
Microsoft-Windows-Windows-Defender-Operational_Microsoft-Windows-Windows-Defender_2000
Microsoft-Windows-Windows-Defender-Operational_Microsoft-Windows-Windows-Defender_2050
Microsoft-Windows-Windows-Defender-Operational_Microsoft-Windows-Windows-Defender_5000
Microsoft-Windows-Windows-Defender-Operational_Microsoft-Windows-Windows-Defender_5001
Microsoft-Windows-Windows-Defender-Operational_Microsoft-Windows-Windows-Defender_5007
Microsoft-Windows-Windows-Firewall-With-Advanced-Security-Firewall_Microsoft-Windows-Windows-Firewall-With-Advanced-Security_2003
Microsoft-Windows-Windows-Firewall-With-Advanced-Security-Firewall_Microsoft-Windows-Windows-Firewall-With-Advanced-Security_2004
Microsoft-Windows-Windows-Firewall-With-Advanced-Security-Firewall_Microsoft-Windows-Windows-Firewall-With-Advanced-Security_2005
Microsoft-Windows-Windows-Firewall-With-Advanced-Security-Firewall_Microsoft-Windows-Windows-Firewall-With-Advanced-Security_2006
Microsoft-Windows-Windows-Firewall-With-Advanced-Security-Firewall_Microsoft-Windows-Windows-Firewall-With-Advanced-Security_2011
Microsoft-Windows-WinINet-Config-ProxyConfigChanged_Microsoft-Windows-WinINet-Config_5600
Microsoft-Windows-Winlogon-Operational_Microsoft-Windows-Winlogon_811
Microsoft-Windows-Winlogon-Operational_Microsoft-Windows-Winlogon_812
Microsoft-Windows-WinRM-Operational_Microsoft-Windows-WinRM_169
Microsoft-Windows-WLAN-AutoConfig-Operational_Microsoft-Windows-WLAN-AutoConfig_8000
Microsoft-Windows-WLAN-AutoConfig-Operational_Microsoft-Windows-WLAN-AutoConfig_8001
Microsoft-Windows-WLAN-AutoConfig-Operational_Microsoft-Windows-WLAN-AutoConfig_8002
Microsoft-Windows-WLAN-AutoConfig-Operational_Microsoft-Windows-WLAN-AutoConfig_8003
Microsoft-Windows-WMI-Activity-Operational_Microsoft-Windows-WMI-Activity_5857
Microsoft-Windows-WMI-Activity-Operational_Microsoft-Windows-WMI-Activity_5858
Microsoft-Windows-WMI-Activity-Operational_Microsoft-Windows-WMI-Activity_5860
Microsoft-Windows-WMI-Activity-Operational_Microsoft-Windows-WMI-Activity_5861
Microsoft-Windows-WPD-MTPClassDriver-Operational_Microsoft-Windows-WPD-MTPClassDriver_1005
OAlerts_Microsoft-Office-14-Alerts_300
OAlerts_Microsoft-Office-15-Alerts_300
OAlerts_Microsoft-Office-16-Alerts_300
OpenSSH-Operational_OpenSSH_4
PowerShellCore-Operational_PowerShellCore_4104
Security_Microsoft-Windows-Eventlog_1100
Security_Microsoft-Windows-Eventlog_1102
Security_Microsoft-Windows-Security-Auditing_4608
Security_Microsoft-Windows-Security-Auditing_4611
Security_Microsoft-Windows-Security-Auditing_4616
Security_Microsoft-Windows-Security-Auditing_4624
Security_Microsoft-Windows-Security-Auditing_4625
Security_Microsoft-Windows-Security-Auditing_4634
Security_Microsoft-Windows-Security-Auditing_4647
Security_Microsoft-Windows-Security-Auditing_4648
Security_Microsoft-Windows-Security-Auditing_4656
Security_Microsoft-Windows-Security-Auditing_4657
Security_Microsoft-Windows-Security-Auditing_4658
Security_Microsoft-Windows-Security-Auditing_4661
Security_Microsoft-Windows-Security-Auditing_4662
Security_Microsoft-Windows-Security-Auditing_4663
Security_Microsoft-Windows-Security-Auditing_4672
Security_Microsoft-Windows-Security-Auditing_4673
Security_Microsoft-Windows-Security-Auditing_4674
Security_Microsoft-Windows-Security-Auditing_4688
Security_Microsoft-Windows-Security-Auditing_4689
Security_Microsoft-Windows-Security-Auditing_4696
Security_Microsoft-Windows-Security-Auditing_4697
Security_Microsoft-Windows-Security-Auditing_4698
Security_Microsoft-Windows-Security-Auditing_4699
Security_Microsoft-Windows-Security-Auditing_4700
Security_Microsoft-Windows-Security-Auditing_4701
Security_Microsoft-Windows-Security-Auditing_4702
Security_Microsoft-Windows-Security-Auditing_4703
Security_Microsoft-Windows-Security-Auditing_4704
Security_Microsoft-Windows-Security-Auditing_4705
Security_Microsoft-Windows-Security-Auditing_4706
Security_Microsoft-Windows-Security-Auditing_4707
Security_Microsoft-Windows-Security-Auditing_4713
Security_Microsoft-Windows-Security-Auditing_4716
Security_Microsoft-Windows-Security-Auditing_4717
Security_Microsoft-Windows-Security-Auditing_4718
Security_Microsoft-Windows-Security-Auditing_4719
Security_Microsoft-Windows-Security-Auditing_4720
Security_Microsoft-Windows-Security-Auditing_4722
Security_Microsoft-Windows-Security-Auditing_4723
Security_Microsoft-Windows-Security-Auditing_4724
Security_Microsoft-Windows-Security-Auditing_4725
Security_Microsoft-Windows-Security-Auditing_4726
Security_Microsoft-Windows-Security-Auditing_4728
Security_Microsoft-Windows-Security-Auditing_4731
Security_Microsoft-Windows-Security-Auditing_4732
Security_Microsoft-Windows-Security-Auditing_4733
Security_Microsoft-Windows-Security-Auditing_4734
Security_Microsoft-Windows-Security-Auditing_4735
Security_Microsoft-Windows-Security-Auditing_4738
Security_Microsoft-Windows-Security-Auditing_4740
Security_Microsoft-Windows-Security-Auditing_4741
Security_Microsoft-Windows-Security-Auditing_4742
Security_Microsoft-Windows-Security-Auditing_4743
Security_Microsoft-Windows-Security-Auditing_4764
Security_Microsoft-Windows-Security-Auditing_4768
Security_Microsoft-Windows-Security-Auditing_4769
Security_Microsoft-Windows-Security-Auditing_4770
Security_Microsoft-Windows-Security-Auditing_4771
Security_Microsoft-Windows-Security-Auditing_4772
Security_Microsoft-Windows-Security-Auditing_4773
Security_Microsoft-Windows-Security-Auditing_4774
Security_Microsoft-Windows-Security-Auditing_4775
Security_Microsoft-Windows-Security-Auditing_4776
Security_Microsoft-Windows-Security-Auditing_4777
Security_Microsoft-Windows-Security-Auditing_4778
Security_Microsoft-Windows-Security-Auditing_4779
Security_Microsoft-Windows-Security-Auditing_4781
Security_Microsoft-Windows-Security-Auditing_4782
Security_Microsoft-Windows-Security-Auditing_4793
Security_Microsoft-Windows-Security-Auditing_4797
Security_Microsoft-Windows-Security-Auditing_4798
Security_Microsoft-Windows-Security-Auditing_4799
Security_Microsoft-Windows-Security-Auditing_4800
Security_Microsoft-Windows-Security-Auditing_4801
Security_Microsoft-Windows-Security-Auditing_4802
Security_Microsoft-Windows-Security-Auditing_4803
Security_Microsoft-Windows-Security-Auditing_5136
Security_Microsoft-Windows-Security-Auditing_5137
Security_Microsoft-Windows-Security-Auditing_5138
Security_Microsoft-Windows-Security-Auditing_5139
Security_Microsoft-Windows-Security-Auditing_5140
Security_Microsoft-Windows-Security-Auditing_5141
Security_Microsoft-Windows-Security-Auditing_5142
Security_Microsoft-Windows-Security-Auditing_5143
Security_Microsoft-Windows-Security-Auditing_5144
Security_Microsoft-Windows-Security-Auditing_5145
Security_Microsoft-Windows-Security-Auditing_5152
Security_Microsoft-Windows-Security-Auditing_5154
Security_Microsoft-Windows-Security-Auditing_5156
Security_Microsoft-Windows-Security-Auditing_5157
Security_Microsoft-Windows-Security-Auditing_5158
Security_Microsoft-Windows-Security-Auditing_5159
Security_Microsoft-Windows-Security-Auditing_5379
Security_Microsoft-Windows-Security-Auditing_6272
Security_Microsoft-Windows-Security-Auditing_6273
Security_Microsoft-Windows-Security-Auditing_6416
SentinelOne-Operational_26
SentinelOne-Operational_31
SentinelOne-Operational_32
SentinelOne-Operational_81
SentinelOne-Operational_91
Splashtop-Splashtop Streamer-Remote Session-Operational_Splashtop-Splashtop Streamer-Remote Session_1000
Splashtop-Splashtop Streamer-Remote Session-Operational_Splashtop-Splashtop Streamer-Remote Session_1001
Splashtop-Splashtop Streamer-Remote Session-Operational_Splashtop-Splashtop Streamer-Remote Session_1100
Splashtop-Splashtop Streamer-Remote Session-Operational_Splashtop-Splashtop Streamer-Remote Session_1101
Splashtop-Splashtop Streamer-Remote Session-Operational_Splashtop-Splashtop Streamer-Remote Session_1110
Splashtop-Splashtop Streamer-Remote Session-Operational_Splashtop-Splashtop Streamer-Remote Session_1111
Symantec-Endpoint-Protection-Client_Symantec-Endpoint-Protection-Client_100
Symantec-Endpoint-Protection-Client_Symantec-Endpoint-Protection-Client_101
Symantec-Endpoint-Protection-Client_Symantec-Endpoint-Protection-Client_12
Symantec-Endpoint-Protection-Client_Symantec-Endpoint-Protection-Client_129
Symantec-Endpoint-Protection-Client_Symantec-Endpoint-Protection-Client_2
Symantec-Endpoint-Protection-Client_Symantec-Endpoint-Protection-Client_200
Symantec-Endpoint-Protection-Client_Symantec-Endpoint-Protection-Client_201
Symantec-Endpoint-Protection-Client_Symantec-Endpoint-Protection-Client_202
Symantec-Endpoint-Protection-Client_Symantec-Endpoint-Protection-Client_21
Symantec-Endpoint-Protection-Client_Symantec-Endpoint-Protection-Client_23
Symantec-Endpoint-Protection-Client_Symantec-Endpoint-Protection-Client_24
Symantec-Endpoint-Protection-Client_Symantec-Endpoint-Protection-Client_3
Symantec-Endpoint-Protection-Client_Symantec-Endpoint-Protection-Client_34054
Symantec-Endpoint-Protection-Client_Symantec-Endpoint-Protection-Client_34056
Symantec-Endpoint-Protection-Client_Symantec-Endpoint-Protection-Client_51
Symantec-Endpoint-Protection-Client_Symantec-Endpoint-Protection-Client_69
Symantec-Endpoint-Protection-Client_Symantec-Endpoint-Protection-Client_7
Symantec-Endpoint-Protection-Client_Symantec-Endpoint-Protection-Client_80
System_Application-Popup_26
System_EventLog_6005
System_EventLog_6006
System_EventLog_6008
System_EventLog_6013
System_LsaSrv_40960
System_LsaSrv_45057
System_Microsoft-Antimalware_1116
System_Microsoft-GroupPolicy_1129
System_Microsoft-Windows-Audit-CVE_2
System_Microsoft-Windows-DistributedCOM_10028
System_Microsoft-Windows-DriverFrameworks-UserMode_10000
System_Microsoft-Windows-Eventlog_104
System_Microsoft-Windows-GroupPolicy_1130
System_Microsoft-Windows-GroupPolicy_1500
System_Microsoft-Windows-GroupPolicy_1501
System_Microsoft-Windows-Kernel-General_1
System_Microsoft-Windows-Kernel-General_12
System_Microsoft-Windows-Kernel-General_13
System_Microsoft-Windows-Kernel-Power_42
System_Microsoft-Windows-Power-Troubleshooter_1
System_Microsoft-Windows-Time-Service_35
System_Microsoft-Windows-Time-Service_37
System_Microsoft-Windows-UserPnp_20001
System_Microsoft-Windows-UserPnp_20003
System_Microsoft-Windows-Winlogon_7001
System_Microsoft-Windows-Winlogon_7002
System_Service-Control-Manager_7031
System_Service-Control-Manager_7034
System_Service-Control-Manager_7035
System_Service-Control-Manager_7036
System_Service-Control-Manager_7040
System_Service-Control-Manager_7045
System_TermDD_56
System_User32_1074
Varonis_VrnsCifsQueueReport_5118
Varonis_VrnsCifsQueueReport_5120
Varonis_VrnsCifsQueue_5129
Varonis_VrnsCifsQueue_5138
Varonis_VrnsCifsQueue_5140
Varonis_VrnsCifsQueue_5172
Varonis_VrnsCifsQueue_5176
Varonis_VrnsCifsQueue_5213
Varonis_VrnsCifsQueue_5214
Varonis_VrnsCifsQueue_5220
Varonis_VrnsMon_5434
Varonis_VrnsSvcFW_900
Windows-PowerShell_PowerShell_400
Windows-PowerShell_PowerShell_403
Windows-PowerShell_PowerShell_600
Windows-PowerShell_PowerShell_800


